<?xml version="1.0" encoding="UTF-8"?>
<!-- Generated by org.testng.reporters.JUnitReportReporter -->
<testsuite hostname="asusvivobook" failures="0" tests="1" name="com.swagger.Login__Output_Pojo" time="3.349" errors="0" timestamp="02 Jul 2024 08:00:12 GMT" skipped="0">
  <testcase classname="com.swagger.Login__Output_Pojo" name="login" time="3.349"/>
</testsuite> <!-- com.swagger.Login__Output_Pojo -->
