<?xml version="1.0" encoding="UTF-8"?>
<!-- Generated by org.testng.reporters.JUnitReportReporter -->
<testsuite hostname="asusvivobook" failures="0" tests="2" name="com.swagger.Swaggersample" time="8.468" errors="0" timestamp="06 Jul 2024 05:28:52 GMT" skipped="0">
  <testcase classname="com.swagger.Swaggersample" name="login" time="6.013"/>
  <testcase classname="com.swagger.Swaggersample" name="changeprofilepic" time="2.455"/>
</testsuite> <!-- com.swagger.Swaggersample -->
