<?xml version="1.0" encoding="UTF-8"?>
<!-- Generated by org.testng.reporters.JUnitReportReporter -->
<testsuite hostname="asusvivobook" failures="0" tests="5" name="com.restassured.Samplecreate" time="16.133" errors="0" timestamp="01 Jul 2024 06:02:10 GMT" skipped="0">
  <testcase classname="com.restassured.Samplecreate" name="createFlight" time="10.090"/>
  <testcase classname="com.restassured.Samplecreate" name="updateFlight" time="3.050"/>
  <testcase classname="com.restassured.Samplecreate" name="patchFLight" time="1.265"/>
  <testcase classname="com.restassured.Samplecreate" name="deleteFlight" time="1.725"/>
  <testcase classname="com.restassured.Samplecreate" name="getFlight" time="0.003"/>
</testsuite> <!-- com.restassured.Samplecreate -->
